[1221/103156.788:ERROR:process_info.cc(329)] VirtualQueryEx: アクセスが拒否されました。 (0x5)
[1221/103156.791:ERROR:process_info.cc(329)] VirtualQueryEx: アクセスが拒否されました。 (0x5)
[1221/103156.936:ERROR:process_info.cc(550)] ReadMemoryInfo failed
[1221/103156.936:ERROR:process_info.cc(550)] ReadMemoryInfo failed
[1221/103155.931:ERROR:process_reader_win.cc(123)] NtOpenThread: {アクセス拒否} プロセスはオブジェクトのアクセスを要求しましたが、アクセス権が与えられていません。 (0xc0000022)
[1221/103156.939:ERROR:process_reader_win.cc(123)] NtOpenThread: {アクセス拒否} プロセスはオブジェクトのアクセスを要求しましたが、アクセス権が与えられていません。 (0xc0000022)
[1221/103157.542:ERROR:exception_snapshot_win.cc(88)] thread ID 10260 not found in process
[1221/103156.939:ERROR:process_reader_win.cc(123)] NtOpenThread: {アクセス拒否} プロセスはオブジェクトのアクセスを要求しましたが、アクセス権が与えられていません。 (0xc0000022)
[1221/103157.542:ERROR:exception_snapshot_win.cc(88)] thread ID 22940 not found in process
[1221/103156.607:ERROR:process_reader_win.cc(123)] NtOpenThread: {アクセス拒否} プロセスはオブジェクトのアクセスを要求しましたが、アクセス権が与えられていません。 (0xc0000022)
[1221/103157.549:ERROR:exception_snapshot_win.cc(88)] thread ID 11852 not found in process
[1221/103157.549:ERROR:exception_snapshot_win.cc(88)] thread ID 1504 not found in process
[1221/103157.584:ERROR:scoped_process_suspend.cc(40)] NtResumeProcess: 既存のプロセスにアクセスしようとしました。 (0xc000010a)
[1221/103157.584:ERROR:scoped_process_suspend.cc(40)] NtResumeProcess: 既存のプロセスにアクセスしようとしました。 (0xc000010a)
[1221/103157.584:ERROR:scoped_process_suspend.cc(40)] NtResumeProcess: 既存のプロセスにアクセスしようとしました。 (0xc000010a)
[1221/103157.584:ERROR:scoped_process_suspend.cc(40)] NtResumeProcess: 既存のプロセスにアクセスしようとしました。 (0xc000010a)
[1221/103158.439:ERROR:process_reader_win.cc(151)] SuspendThread: アクセスが拒否されました。 (0x5)
[1221/103158.439:ERROR:process_reader_win.cc(151)] SuspendThread: アクセスが拒否されました。 (0x5)
[1221/103158.440:ERROR:process_reader_win.cc(151)] SuspendThread: アクセスが拒否されました。 (0x5)
[1221/103158.440:ERROR:process_reader_win.cc(151)] SuspendThread: アクセスが拒否されました。 (0x5)
[1221/103158.440:ERROR:process_reader_win.cc(151)] SuspendThread: アクセスが拒否されました。 (0x5)
[1221/103158.440:ERROR:process_reader_win.cc(151)] SuspendThread: アクセスが拒否されました。 (0x5)
[1221/103158.440:ERROR:process_reader_win.cc(151)] SuspendThread: アクセスが拒否されました。 (0x5)
[1221/103158.440:ERROR:process_reader_win.cc(151)] SuspendThread: アクセスが拒否されました。 (0x5)
[1221/103158.440:ERROR:exception_snapshot_win.cc(88)] thread ID 7428 not found in process
